<?xml version="1.0" encoding="UTF-8"?>
<!-- Generated by org.testng.reporters.JUnitXMLReporter -->
<testsuite ignored="0" hostname="DESKTOP-2P7KUM1" failures="1" tests="13" name="Test" time="103.454" errors="0" timestamp="2024-10-01T18:56:35 IST">
  <testcase classname="testCases.TC_001_AccountRegistrationTest" name="verifyAccountRegistration" time="3.325"/>
  <testcase classname="testCases.TC_002_LoginTest" name="verify_Login" time="2.555"/>
  <testcase classname="testCases.TC_003_LoginDDT" name="verify_LoginDDT" time="3.552"/>
  <testcase classname="testCases.TC_003_LoginDDT" name="verify_LoginDDT" time="11.611"/>
  <testcase classname="testCases.TC_003_LoginDDT" name="verify_LoginDDT" time="11.217"/>
  <testcase classname="testCases.TC_003_LoginDDT" name="verify_LoginDDT" time="11.797"/>
  <testcase classname="testCases.TC_003_LoginDDT" name="verify_LoginDDT" time="11.264"/>
  <testcase classname="testCases.TC_004_ProductSearchTest" name="VerifyProductSearch" time="10.296">
    <failure type="java.lang.AssertionError" message="null">
      <![CDATA[java.lang.AssertionError: null
at testCases.TC_004_ProductSearchTest.VerifyProductSearch(TC_004_ProductSearchTest.java:30)
at java.base/java.util.ArrayList.forEach(ArrayList.java:1596)
... Removed 31 stack frames]]>
    </failure>
  </testcase> <!-- VerifyProductSearch -->
  <testcase classname="testCases.TC_005_TabletMenuTest" name="VerifyTabletMenu" time="0.061"/>
  <testcase classname="testCases.TC_006_LogoTest" name="TC001_verifyLogoTest" time="0.062"/>
  <testcase classname="testCases.TC_007_CurrencyDropdownTest" name="TC002_validateCurrencyDropdown" time="0.057"/>
  <testcase classname="testCases.TC_008_CheckoutOptionTest" name="TC003_validateCheckOutOption" time="0.062"/>
  <testcase classname="testCases.TC_009_WishListOptionTest" name="verifyWishListOption" time="0.056"/>
</testsuite> <!-- Test -->
