<?xml version="1.0" encoding="UTF-8"?>
<testng-results ignored="0" total="12" passed="11" failed="1" skipped="0">
  <reporter-output>
  </reporter-output>
  <suite started-at="2024-09-29T18:28:49 IST" name="Suite" finished-at="2024-09-29T18:30:28 IST" duration-ms="98862">
    <groups>
      <group name="Sanity">
        <method signature="TC_001_AccountRegistrationTest.verifyAccountRegistration()[pri:0, instance:testCases.TC_001_AccountRegistrationTest@35432107]" name="verifyAccountRegistration" class="testCases.TC_001_AccountRegistrationTest"/>
        <method signature="TC_002_LoginTest.verify_Login()[pri:0, instance:testCases.TC_002_LoginTest@4b41dd5c]" name="verify_Login" class="testCases.TC_002_LoginTest"/>
      </group> <!-- Sanity -->
      <group name="Regression">
        <method signature="TC_001_AccountRegistrationTest.verifyAccountRegistration()[pri:0, instance:testCases.TC_001_AccountRegistrationTest@35432107]" name="verifyAccountRegistration" class="testCases.TC_001_AccountRegistrationTest"/>
        <method signature="TC_002_LoginTest.verify_Login()[pri:0, instance:testCases.TC_002_LoginTest@4b41dd5c]" name="verify_Login" class="testCases.TC_002_LoginTest"/>
        <method signature="TC_003_LoginDDT.verify_LoginDDT(java.lang.String,java.lang.String,java.lang.String)[pri:0, instance:testCases.TC_003_LoginDDT@3b96c42e]" name="verify_LoginDDT" class="testCases.TC_003_LoginDDT"/>
        <method signature="TC_004_ProductSearchTest.VerifyProductSearch()[pri:0, instance:testCases.TC_004_ProductSearchTest@5d066c7d]" name="VerifyProductSearch" class="testCases.TC_004_ProductSearchTest"/>
        <method signature="TC_005_TabletMenuTest.VerifyTabletMenu()[pri:0, instance:testCases.TC_005_TabletMenuTest@1e461e41]" name="VerifyTabletMenu" class="testCases.TC_005_TabletMenuTest"/>
        <method signature="TC_006_LogoTest.verifyLogoTest()[pri:0, instance:testCases.TC_006_LogoTest@5ba88be8]" name="verifyLogoTest" class="testCases.TC_006_LogoTest"/>
        <method signature="TC_007_CheckoutOptionTest.validateCheckOutOption()[pri:0, instance:testCases.TC_007_CheckoutOptionTest@56928307]" name="validateCheckOutOption" class="testCases.TC_007_CheckoutOptionTest"/>
        <method signature="TC_008_CurrencyDropdownTest.validateCurrencyDropdown()[pri:0, instance:testCases.TC_008_CurrencyDropdownTest@3899782c]" name="validateCurrencyDropdown" class="testCases.TC_008_CurrencyDropdownTest"/>
      </group> <!-- Regression -->
    </groups>
    <test started-at="2024-09-29T18:28:49 IST" name="Regression Test" finished-at="2024-09-29T18:28:50 IST" duration-ms="409">
    </test> <!-- Regression Test -->
    <test started-at="2024-09-29T18:28:51 IST" name="Test" finished-at="2024-09-29T18:30:28 IST" duration-ms="97584">
      <class name="testCases.TC_007_CheckoutOptionTest">
        <test-method is-config="true" signature="setup(java.lang.String,java.lang.String)[pri:0, instance:testCases.TC_007_CheckoutOptionTest@56928307]" started-at="2024-09-29T18:30:21 IST" name="setup" finished-at="2024-09-29T18:30:24 IST" duration-ms="3048" status="PASS">
          <params>
            <param index="0">
              <value>
                <![CDATA[windows]]>
              </value>
            </param>
            <param index="1">
              <value>
                <![CDATA[chrome]]>
              </value>
            </param>
          </params>
          <reporter-output>
          </reporter-output>
        </test-method> <!-- setup -->
        <test-method signature="validateCheckOutOption()[pri:0, instance:testCases.TC_007_CheckoutOptionTest@56928307]" started-at="2024-09-29T18:30:24 IST" name="validateCheckOutOption" finished-at="2024-09-29T18:30:24 IST" duration-ms="54" status="PASS">
          <reporter-output>
          </reporter-output>
        </test-method> <!-- validateCheckOutOption -->
        <test-method is-config="true" signature="tearDown()[pri:0, instance:testCases.TC_007_CheckoutOptionTest@56928307]" started-at="2024-09-29T18:30:24 IST" name="tearDown" finished-at="2024-09-29T18:30:24 IST" duration-ms="247" status="PASS">
          <reporter-output>
          </reporter-output>
        </test-method> <!-- tearDown -->
      </class> <!-- testCases.TC_007_CheckoutOptionTest -->
      <class name="testCases.TC_006_LogoTest">
        <test-method is-config="true" signature="setup(java.lang.String,java.lang.String)[pri:0, instance:testCases.TC_006_LogoTest@5ba88be8]" started-at="2024-09-29T18:30:17 IST" name="setup" finished-at="2024-09-29T18:30:21 IST" duration-ms="3244" status="PASS">
          <params>
            <param index="0">
              <value>
                <![CDATA[windows]]>
              </value>
            </param>
            <param index="1">
              <value>
                <![CDATA[chrome]]>
              </value>
            </param>
          </params>
          <reporter-output>
          </reporter-output>
        </test-method> <!-- setup -->
        <test-method signature="verifyLogoTest()[pri:0, instance:testCases.TC_006_LogoTest@5ba88be8]" started-at="2024-09-29T18:30:21 IST" name="verifyLogoTest" finished-at="2024-09-29T18:30:21 IST" duration-ms="45" status="PASS">
          <reporter-output>
          </reporter-output>
        </test-method> <!-- verifyLogoTest -->
        <test-method is-config="true" signature="tearDown()[pri:0, instance:testCases.TC_006_LogoTest@5ba88be8]" started-at="2024-09-29T18:30:21 IST" name="tearDown" finished-at="2024-09-29T18:30:21 IST" duration-ms="260" status="PASS">
          <reporter-output>
          </reporter-output>
        </test-method> <!-- tearDown -->
      </class> <!-- testCases.TC_006_LogoTest -->
      <class name="testCases.TC_001_AccountRegistrationTest">
        <test-method is-config="true" signature="setup(java.lang.String,java.lang.String)[pri:0, instance:testCases.TC_001_AccountRegistrationTest@35432107]" started-at="2024-09-29T18:28:51 IST" name="setup" finished-at="2024-09-29T18:28:55 IST" duration-ms="4678" status="PASS">
          <params>
            <param index="0">
              <value>
                <![CDATA[windows]]>
              </value>
            </param>
            <param index="1">
              <value>
                <![CDATA[chrome]]>
              </value>
            </param>
          </params>
          <reporter-output>
          </reporter-output>
        </test-method> <!-- setup -->
        <test-method signature="verifyAccountRegistration()[pri:0, instance:testCases.TC_001_AccountRegistrationTest@35432107]" started-at="2024-09-29T18:28:55 IST" name="verifyAccountRegistration" finished-at="2024-09-29T18:28:58 IST" duration-ms="2714" status="PASS">
          <reporter-output>
          </reporter-output>
        </test-method> <!-- verifyAccountRegistration -->
        <test-method is-config="true" signature="tearDown()[pri:0, instance:testCases.TC_001_AccountRegistrationTest@35432107]" started-at="2024-09-29T18:28:58 IST" name="tearDown" finished-at="2024-09-29T18:28:58 IST" duration-ms="298" status="PASS">
          <reporter-output>
          </reporter-output>
        </test-method> <!-- tearDown -->
      </class> <!-- testCases.TC_001_AccountRegistrationTest -->
      <class name="testCases.TC_002_LoginTest">
        <test-method is-config="true" signature="setup(java.lang.String,java.lang.String)[pri:0, instance:testCases.TC_002_LoginTest@4b41dd5c]" started-at="2024-09-29T18:28:58 IST" name="setup" finished-at="2024-09-29T18:29:02 IST" duration-ms="3459" status="PASS">
          <params>
            <param index="0">
              <value>
                <![CDATA[windows]]>
              </value>
            </param>
            <param index="1">
              <value>
                <![CDATA[chrome]]>
              </value>
            </param>
          </params>
          <reporter-output>
          </reporter-output>
        </test-method> <!-- setup -->
        <test-method signature="verify_Login()[pri:0, instance:testCases.TC_002_LoginTest@4b41dd5c]" started-at="2024-09-29T18:29:02 IST" name="verify_Login" finished-at="2024-09-29T18:29:04 IST" duration-ms="2518" status="PASS">
          <reporter-output>
          </reporter-output>
        </test-method> <!-- verify_Login -->
        <test-method is-config="true" signature="tearDown()[pri:0, instance:testCases.TC_002_LoginTest@4b41dd5c]" started-at="2024-09-29T18:29:04 IST" name="tearDown" finished-at="2024-09-29T18:29:05 IST" duration-ms="289" status="PASS">
          <reporter-output>
          </reporter-output>
        </test-method> <!-- tearDown -->
      </class> <!-- testCases.TC_002_LoginTest -->
      <class name="testCases.TC_004_ProductSearchTest">
        <test-method is-config="true" signature="setup(java.lang.String,java.lang.String)[pri:0, instance:testCases.TC_004_ProductSearchTest@5d066c7d]" started-at="2024-09-29T18:30:00 IST" name="setup" finished-at="2024-09-29T18:30:03 IST" duration-ms="3362" status="PASS">
          <params>
            <param index="0">
              <value>
                <![CDATA[windows]]>
              </value>
            </param>
            <param index="1">
              <value>
                <![CDATA[chrome]]>
              </value>
            </param>
          </params>
          <reporter-output>
          </reporter-output>
        </test-method> <!-- setup -->
        <test-method signature="VerifyProductSearch()[pri:0, instance:testCases.TC_004_ProductSearchTest@5d066c7d]" started-at="2024-09-29T18:30:03 IST" name="VerifyProductSearch" finished-at="2024-09-29T18:30:13 IST" duration-ms="10266" status="FAIL">
          <exception class="java.lang.AssertionError">
            <message>
              <![CDATA[null]]>
            </message>
            <full-stacktrace>
              <![CDATA[java.lang.AssertionError: null
at org.testng.Assert.fail(Assert.java:111)
at org.testng.Assert.fail(Assert.java:116)
at testCases.TC_004_ProductSearchTest.VerifyProductSearch(TC_004_ProductSearchTest.java:30)
at java.base/jdk.internal.reflect.DirectMethodHandleAccessor.invoke(DirectMethodHandleAccessor.java:103)
at java.base/java.lang.reflect.Method.invoke(Method.java:580)
at org.testng.internal.invokers.MethodInvocationHelper.invokeMethod(MethodInvocationHelper.java:141)
at org.testng.internal.invokers.TestInvoker.invokeMethod(TestInvoker.java:686)
at org.testng.internal.invokers.TestInvoker.invokeTestMethod(TestInvoker.java:230)
at org.testng.internal.invokers.MethodRunner.runInSequence(MethodRunner.java:63)
at org.testng.internal.invokers.TestInvoker$MethodInvocationAgent.invoke(TestInvoker.java:992)
at org.testng.internal.invokers.TestInvoker.invokeTestMethods(TestInvoker.java:203)
at org.testng.internal.invokers.TestMethodWorker.invokeTestMethods(TestMethodWorker.java:154)
at org.testng.internal.invokers.TestMethodWorker.run(TestMethodWorker.java:134)
at java.base/java.util.ArrayList.forEach(ArrayList.java:1596)
at org.testng.TestRunner.privateRun(TestRunner.java:739)
at org.testng.TestRunner.run(TestRunner.java:614)
at org.testng.SuiteRunner.runTest(SuiteRunner.java:421)
at org.testng.SuiteRunner.runSequentially(SuiteRunner.java:413)
at org.testng.SuiteRunner.privateRun(SuiteRunner.java:373)
at org.testng.SuiteRunner.run(SuiteRunner.java:312)
at org.testng.SuiteRunnerWorker.runSuite(SuiteRunnerWorker.java:52)
at org.testng.SuiteRunnerWorker.run(SuiteRunnerWorker.java:95)
at org.testng.TestNG.runSuitesSequentially(TestNG.java:1274)
at org.testng.TestNG.runSuitesLocally(TestNG.java:1208)
at org.testng.TestNG.runSuites(TestNG.java:1112)
at org.testng.TestNG.run(TestNG.java:1079)
at org.apache.maven.surefire.testng.TestNGExecutor.run(TestNGExecutor.java:308)
at org.apache.maven.surefire.testng.TestNGXmlTestSuite.execute(TestNGXmlTestSuite.java:71)
at org.apache.maven.surefire.testng.TestNGProvider.invoke(TestNGProvider.java:113)
at org.apache.maven.surefire.booter.ForkedBooter.runSuitesInProcess(ForkedBooter.java:385)
at org.apache.maven.surefire.booter.ForkedBooter.execute(ForkedBooter.java:162)
at org.apache.maven.surefire.booter.ForkedBooter.run(ForkedBooter.java:507)
at org.apache.maven.surefire.booter.ForkedBooter.main(ForkedBooter.java:495)
]]>
            </full-stacktrace>
          </exception> <!-- java.lang.AssertionError -->
          <reporter-output>
          </reporter-output>
        </test-method> <!-- VerifyProductSearch -->
        <test-method is-config="true" signature="tearDown()[pri:0, instance:testCases.TC_004_ProductSearchTest@5d066c7d]" started-at="2024-09-29T18:30:14 IST" name="tearDown" finished-at="2024-09-29T18:30:14 IST" duration-ms="330" status="PASS">
          <reporter-output>
          </reporter-output>
        </test-method> <!-- tearDown -->
      </class> <!-- testCases.TC_004_ProductSearchTest -->
      <class name="testCases.TC_005_TabletMenuTest">
        <test-method is-config="true" signature="setup(java.lang.String,java.lang.String)[pri:0, instance:testCases.TC_005_TabletMenuTest@1e461e41]" started-at="2024-09-29T18:30:14 IST" name="setup" finished-at="2024-09-29T18:30:17 IST" duration-ms="3128" status="PASS">
          <params>
            <param index="0">
              <value>
                <![CDATA[windows]]>
              </value>
            </param>
            <param index="1">
              <value>
                <![CDATA[chrome]]>
              </value>
            </param>
          </params>
          <reporter-output>
          </reporter-output>
        </test-method> <!-- setup -->
        <test-method signature="VerifyTabletMenu()[pri:0, instance:testCases.TC_005_TabletMenuTest@1e461e41]" started-at="2024-09-29T18:30:17 IST" name="VerifyTabletMenu" finished-at="2024-09-29T18:30:17 IST" duration-ms="52" status="PASS">
          <reporter-output>
          </reporter-output>
        </test-method> <!-- VerifyTabletMenu -->
        <test-method is-config="true" signature="tearDown()[pri:0, instance:testCases.TC_005_TabletMenuTest@1e461e41]" started-at="2024-09-29T18:30:17 IST" name="tearDown" finished-at="2024-09-29T18:30:17 IST" duration-ms="295" status="PASS">
          <reporter-output>
          </reporter-output>
        </test-method> <!-- tearDown -->
      </class> <!-- testCases.TC_005_TabletMenuTest -->
      <class name="testCases.TC_003_LoginDDT">
        <test-method is-config="true" signature="setup(java.lang.String,java.lang.String)[pri:0, instance:testCases.TC_003_LoginDDT@3b96c42e]" started-at="2024-09-29T18:29:05 IST" name="setup" finished-at="2024-09-29T18:29:08 IST" duration-ms="3174" status="PASS">
          <params>
            <param index="0">
              <value>
                <![CDATA[windows]]>
              </value>
            </param>
            <param index="1">
              <value>
                <![CDATA[chrome]]>
              </value>
            </param>
          </params>
          <reporter-output>
          </reporter-output>
        </test-method> <!-- setup -->
        <test-method signature="verify_LoginDDT(java.lang.String,java.lang.String,java.lang.String)[pri:0, instance:testCases.TC_003_LoginDDT@3b96c42e]" started-at="2024-09-29T18:29:10 IST" name="verify_LoginDDT" data-provider="LoginData" finished-at="2024-09-29T18:29:13 IST" duration-ms="3643" status="PASS">
          <params>
            <param index="0">
              <value>
                <![CDATA[bhagwat22garibe@gmail.com]]>
              </value>
            </param>
            <param index="1">
              <value>
                <![CDATA[Bhag@123]]>
              </value>
            </param>
            <param index="2">
              <value>
                <![CDATA[Valid]]>
              </value>
            </param>
          </params>
          <reporter-output>
          </reporter-output>
        </test-method> <!-- verify_LoginDDT -->
        <test-method signature="verify_LoginDDT(java.lang.String,java.lang.String,java.lang.String)[pri:0, instance:testCases.TC_003_LoginDDT@3b96c42e]" started-at="2024-09-29T18:29:13 IST" name="verify_LoginDDT" data-provider="LoginData" finished-at="2024-09-29T18:29:25 IST" duration-ms="11336" status="PASS">
          <params>
            <param index="0">
              <value>
                <![CDATA[varsha.123@gamil.com]]>
              </value>
            </param>
            <param index="1">
              <value>
                <![CDATA[varsha]]>
              </value>
            </param>
            <param index="2">
              <value>
                <![CDATA[Invalid]]>
              </value>
            </param>
          </params>
          <reporter-output>
          </reporter-output>
        </test-method> <!-- verify_LoginDDT -->
        <test-method signature="verify_LoginDDT(java.lang.String,java.lang.String,java.lang.String)[pri:0, instance:testCases.TC_003_LoginDDT@3b96c42e]" started-at="2024-09-29T18:29:25 IST" name="verify_LoginDDT" data-provider="LoginData" finished-at="2024-09-29T18:29:36 IST" duration-ms="11401" status="PASS">
          <params>
            <param index="0">
              <value>
                <![CDATA[laksh@outlook.com]]>
              </value>
            </param>
            <param index="1">
              <value>
                <![CDATA[Laksha]]>
              </value>
            </param>
            <param index="2">
              <value>
                <![CDATA[Invalid]]>
              </value>
            </param>
          </params>
          <reporter-output>
          </reporter-output>
        </test-method> <!-- verify_LoginDDT -->
        <test-method signature="verify_LoginDDT(java.lang.String,java.lang.String,java.lang.String)[pri:0, instance:testCases.TC_003_LoginDDT@3b96c42e]" started-at="2024-09-29T18:29:36 IST" name="verify_LoginDDT" data-provider="LoginData" finished-at="2024-09-29T18:29:47 IST" duration-ms="11143" status="PASS">
          <params>
            <param index="0">
              <value>
                <![CDATA[pashya@gmail.com]]>
              </value>
            </param>
            <param index="1">
              <value>
                <![CDATA[pashya]]>
              </value>
            </param>
            <param index="2">
              <value>
                <![CDATA[Invalid]]>
              </value>
            </param>
          </params>
          <reporter-output>
          </reporter-output>
        </test-method> <!-- verify_LoginDDT -->
        <test-method signature="verify_LoginDDT(java.lang.String,java.lang.String,java.lang.String)[pri:0, instance:testCases.TC_003_LoginDDT@3b96c42e]" started-at="2024-09-29T18:29:47 IST" name="verify_LoginDDT" data-provider="LoginData" finished-at="2024-09-29T18:29:59 IST" duration-ms="11846" status="PASS">
          <params>
            <param index="0">
              <value>
                <![CDATA[onkar@yahoo.com]]>
              </value>
            </param>
            <param index="1">
              <value>
                <![CDATA[ok@123]]>
              </value>
            </param>
            <param index="2">
              <value>
                <![CDATA[Invalid]]>
              </value>
            </param>
          </params>
          <reporter-output>
          </reporter-output>
        </test-method> <!-- verify_LoginDDT -->
        <test-method is-config="true" signature="tearDown()[pri:0, instance:testCases.TC_003_LoginDDT@3b96c42e]" started-at="2024-09-29T18:29:59 IST" name="tearDown" finished-at="2024-09-29T18:30:00 IST" duration-ms="405" status="PASS">
          <reporter-output>
          </reporter-output>
        </test-method> <!-- tearDown -->
      </class> <!-- testCases.TC_003_LoginDDT -->
      <class name="testCases.TC_008_CurrencyDropdownTest">
        <test-method is-config="true" signature="setup(java.lang.String,java.lang.String)[pri:0, instance:testCases.TC_008_CurrencyDropdownTest@3899782c]" started-at="2024-09-29T18:30:24 IST" name="setup" finished-at="2024-09-29T18:30:28 IST" duration-ms="3467" status="PASS">
          <params>
            <param index="0">
              <value>
                <![CDATA[windows]]>
              </value>
            </param>
            <param index="1">
              <value>
                <![CDATA[chrome]]>
              </value>
            </param>
          </params>
          <reporter-output>
          </reporter-output>
        </test-method> <!-- setup -->
        <test-method signature="validateCurrencyDropdown()[pri:0, instance:testCases.TC_008_CurrencyDropdownTest@3899782c]" started-at="2024-09-29T18:30:28 IST" name="validateCurrencyDropdown" finished-at="2024-09-29T18:30:28 IST" duration-ms="54" status="PASS">
          <reporter-output>
          </reporter-output>
        </test-method> <!-- validateCurrencyDropdown -->
        <test-method is-config="true" signature="tearDown()[pri:0, instance:testCases.TC_008_CurrencyDropdownTest@3899782c]" started-at="2024-09-29T18:30:28 IST" name="tearDown" finished-at="2024-09-29T18:30:28 IST" duration-ms="257" status="PASS">
          <reporter-output>
          </reporter-output>
        </test-method> <!-- tearDown -->
      </class> <!-- testCases.TC_008_CurrencyDropdownTest -->
    </test> <!-- Test -->
  </suite> <!-- Suite -->
</testng-results>
